{"C:\\Users\\HTML - Not - Aluno 7\\Fabio_Heberty\\string-utils\\index.js":{"path":"C:\\Users\\HTML - Not - Aluno 7\\Fabio_Heberty\\string-utils\\index.js","s":{"1":1,"2":2,"3":1,"4":1,"5":0,"6":1,"7":1,"8":1,"9":1,"10":1},"b":{"1":[1,1],"2":[0,1],"3":[1,0]},"f":{"1":2,"2":1},"fnMap":{"1":{"name":"uppercase","line":3,"loc":{"start":{"line":3,"column":0},"end":{"line":3,"column":26}}},"2":{"name":"lowercase","line":13,"loc":{"start":{"line":13,"column":0},"end":{"line":13,"column":26}}}},"statementMap":{"1":{"start":{"line":3,"column":0},"end":{"line":11,"column":1}},"2":{"start":{"line":4,"column":1},"end":{"line":10,"column":2}},"3":{"start":{"line":5,"column":2},"end":{"line":5,"column":30}},"4":{"start":{"line":6,"column":8},"end":{"line":10,"column":2}},"5":{"start":{"line":7,"column":2},"end":{"line":7,"column":49}},"6":{"start":{"line":8,"column":8},"end":{"line":10,"column":2}},"7":{"start":{"line":9,"column":2},"end":{"line":9,"column":48}},"8":{"start":{"line":13,"column":0},"end":{"line":15,"column":1}},"9":{"start":{"line":14,"column":1},"end":{"line":14,"column":29}},"10":{"start":{"line":17,"column":0},"end":{"line":20,"column":2}}},"branchMap":{"1":{"line":4,"type":"if","locations":[{"start":{"line":4,"column":1},"end":{"line":4,"column":1}},{"start":{"line":4,"column":1},"end":{"line":4,"column":1}}]},"2":{"line":6,"type":"if","locations":[{"start":{"line":6,"column":8},"end":{"line":6,"column":8}},{"start":{"line":6,"column":8},"end":{"line":6,"column":8}}]},"3":{"line":8,"type":"if","locations":[{"start":{"line":8,"column":8},"end":{"line":8,"column":8}},{"start":{"line":8,"column":8},"end":{"line":8,"column":8}}]}}}}